

Processing UsersController#new (for 127.0.0.1 at 2008-10-21 23:04:20) [GET]
  Session ID: a990aafe54e9c7bdbb168777b90b4298
  Parameters: {"action"=>"new", "controller"=>"users"}


Processing UsersController#new (for 127.0.0.1 at 2008-10-21 23:04:20) [GET]
  Session ID: a990aafe54e9c7bdbb168777b90b4298
  Parameters: {"action"=>"new", "controller"=>"users"}


Mysql::Error (Unknown database 'constime_development'):
    /Library/Ruby/Gems/1.8/gems/activerecord-2.1.1/lib/active_record/connection_adapters/mysql_adapter.rb:527:in `real_connect'
    /Library/Ruby/Gems/1.8/gems/activerecord-2.1.1/lib/active_record/connection_adapters/mysql_adapter.rb:527:in `connect'
    /Library/Ruby/Gems/1.8/gems/activerecord-2.1.1/lib/active_record/connection_adapters/mysql_adapter.rb:186:in `initialize'
    /Library/Ruby/Gems/1.8/gems/activerecord-2.1.1/lib/active_record/connection_adapters/mysql_adapter.rb:85:in `new'
    /Library/Ruby/Gems/1.8/gems/activerecord-2.1.1/lib/active_record/connection_adapters/mysql_adapter.rb:85:in `mysql_connection'
    /Library/Ruby/Gems/1.8/gems/activerecord-2.1.1/lib/active_record/connection_adapters/abstract/connection_specification.rb:292:in `send'
    /Library/Ruby/Gems/1.8/gems/activerecord-2.1.1/lib/active_record/connection_adapters/abstract/connection_specification.rb:292:in `connection='
    /Library/Ruby/Gems/1.8/gems/activerecord-2.1.1/lib/active_record/connection_adapters/abstract/connection_specification.rb:260:in `retrieve_connection'
    /Library/Ruby/Gems/1.8/gems/activerecord-2.1.1/lib/active_record/connection_adapters/abstract/connection_specification.rb:78:in `connection'
    /Library/Ruby/Gems/1.8/gems/activerecord-2.1.1/lib/active_record/query_cache.rb:8:in `cache'
    /Library/Ruby/Gems/1.8/gems/actionpack-2.1.1/lib/action_controller/caching/sql_cache.rb:12:in `perform_action'
    /Library/Ruby/Gems/1.8/gems/actionpack-2.1.1/lib/action_controller/base.rb:529:in `send'
    /Library/Ruby/Gems/1.8/gems/actionpack-2.1.1/lib/action_controller/base.rb:529:in `process_without_filters'
    /Library/Ruby/Gems/1.8/gems/actionpack-2.1.1/lib/action_controller/filters.rb:568:in `process_without_session_management_support'
    /Library/Ruby/Gems/1.8/gems/actionpack-2.1.1/lib/action_controller/session_management.rb:130:in `process'
    /Library/Ruby/Gems/1.8/gems/actionpack-2.1.1/lib/action_controller/base.rb:389:in `process'
    /Library/Ruby/Gems/1.8/gems/actionpack-2.1.1/lib/action_controller/dispatcher.rb:149:in `handle_request'
    /Library/Ruby/Gems/1.8/gems/actionpack-2.1.1/lib/action_controller/dispatcher.rb:107:in `dispatch'
    /Library/Ruby/Gems/1.8/gems/actionpack-2.1.1/lib/action_controller/dispatcher.rb:104:in `synchronize'
    /Library/Ruby/Gems/1.8/gems/actionpack-2.1.1/lib/action_controller/dispatcher.rb:104:in `dispatch'
    /Library/Ruby/Gems/1.8/gems/actionpack-2.1.1/lib/action_controller/dispatcher.rb:120:in `dispatch_cgi'
    /Library/Ruby/Gems/1.8/gems/actionpack-2.1.1/lib/action_controller/dispatcher.rb:35:in `dispatch'
    /Library/Ruby/Gems/1.8/gems/mongrel-1.1.5/bin/../lib/mongrel/rails.rb:76:in `process'
    /Library/Ruby/Gems/1.8/gems/mongrel-1.1.5/bin/../lib/mongrel/rails.rb:74:in `synchronize'
    /Library/Ruby/Gems/1.8/gems/mongrel-1.1.5/bin/../lib/mongrel/rails.rb:74:in `process'
    /Library/Ruby/Gems/1.8/gems/mongrel-1.1.5/lib/mongrel.rb:159:in `process_client'
    /Library/Ruby/Gems/1.8/gems/mongrel-1.1.5/lib/mongrel.rb:158:in `each'
    /Library/Ruby/Gems/1.8/gems/mongrel-1.1.5/lib/mongrel.rb:158:in `process_client'
    /Library/Ruby/Gems/1.8/gems/mongrel-1.1.5/lib/mongrel.rb:285:in `run'
    /Library/Ruby/Gems/1.8/gems/mongrel-1.1.5/lib/mongrel.rb:285:in `initialize'
    /Library/Ruby/Gems/1.8/gems/mongrel-1.1.5/lib/mongrel.rb:285:in `new'
    /Library/Ruby/Gems/1.8/gems/mongrel-1.1.5/lib/mongrel.rb:285:in `run'
    /Library/Ruby/Gems/1.8/gems/mongrel-1.1.5/lib/mongrel.rb:268:in `initialize'
    /Library/Ruby/Gems/1.8/gems/mongrel-1.1.5/lib/mongrel.rb:268:in `new'
    /Library/Ruby/Gems/1.8/gems/mongrel-1.1.5/lib/mongrel.rb:268:in `run'
    /Library/Ruby/Gems/1.8/gems/mongrel-1.1.5/lib/mongrel/configurator.rb:282:in `run'
    /Library/Ruby/Gems/1.8/gems/mongrel-1.1.5/lib/mongrel/configurator.rb:281:in `each'
    /Library/Ruby/Gems/1.8/gems/mongrel-1.1.5/lib/mongrel/configurator.rb:281:in `run'
    /Library/Ruby/Gems/1.8/gems/mongrel-1.1.5/bin/mongrel_rails:128:in `run'
    /Library/Ruby/Gems/1.8/gems/mongrel-1.1.5/lib/mongrel/command.rb:212:in `run'
    /Library/Ruby/Gems/1.8/gems/mongrel-1.1.5/bin/mongrel_rails:281
    /Library/Ruby/Gems/1.8/gems/activesupport-2.1.1/lib/active_support/dependencies.rb:503:in `load'
    /Library/Ruby/Gems/1.8/gems/activesupport-2.1.1/lib/active_support/dependencies.rb:503:in `load'
    /Library/Ruby/Gems/1.8/gems/activesupport-2.1.1/lib/active_support/dependencies.rb:355:in `new_constants_in'
    /Library/Ruby/Gems/1.8/gems/activesupport-2.1.1/lib/active_support/dependencies.rb:503:in `load'
    /Library/Ruby/Gems/1.8/gems/rails-2.1.1/lib/commands/servers/mongrel.rb:64
    /Library/Ruby/Site/1.8/rubygems/custom_require.rb:27:in `gem_original_require'
    /Library/Ruby/Site/1.8/rubygems/custom_require.rb:27:in `require'
    /Library/Ruby/Gems/1.8/gems/activesupport-2.1.1/lib/active_support/dependencies.rb:510:in `require'
    /Library/Ruby/Gems/1.8/gems/activesupport-2.1.1/lib/active_support/dependencies.rb:355:in `new_constants_in'
    /Library/Ruby/Gems/1.8/gems/activesupport-2.1.1/lib/active_support/dependencies.rb:510:in `require'
    /Library/Ruby/Gems/1.8/gems/rails-2.1.1/lib/commands/server.rb:39
    /Library/Ruby/Site/1.8/rubygems/custom_require.rb:27:in `gem_original_require'
    /Library/Ruby/Site/1.8/rubygems/custom_require.rb:27:in `require'
    script/server:3

Rendering /Library/Ruby/Gems/1.8/gems/actionpack-2.1.1/lib/action_controller/templates/rescues/layout.erb (internal_server_error)
  [4;36;1mSQL (0.000198)[0m   [0;1mSET NAMES 'utf8'[0m
  [4;35;1mSQL (0.000073)[0m   [0mSET SQL_AUTO_IS_NULL=0[0m
  [4;36;1mSQL (0.047587)[0m   [0;1mCREATE DATABASE `constime_development` DEFAULT CHARACTER SET `utf8` COLLATE `utf8_general_ci`[0m
  [4;35;1mSQL (0.000087)[0m   [0mSET NAMES 'utf8'[0m
  [4;36;1mSQL (0.000067)[0m   [0;1mSET SQL_AUTO_IS_NULL=0[0m
  [4;35;1mSQL (0.000368)[0m   [0mCREATE DATABASE `constime_production` DEFAULT CHARACTER SET `utf8` COLLATE `utf8_general_ci`[0m
  [4;36;1mSQL (0.000085)[0m   [0;1mSET NAMES 'utf8'[0m
  [4;35;1mSQL (0.000065)[0m   [0mSET SQL_AUTO_IS_NULL=0[0m
  [4;36;1mSQL (0.000361)[0m   [0;1mCREATE DATABASE `constime_test` DEFAULT CHARACTER SET `utf8` COLLATE `utf8_general_ci`[0m
  [4;36;1mSQL (0.000228)[0m   [0;1mSET NAMES 'utf8'[0m
  [4;35;1mSQL (0.000077)[0m   [0mSET SQL_AUTO_IS_NULL=0[0m
  [4;36;1mSQL (0.021917)[0m   [0;1mSHOW TABLES[0m
  [4;35;1mSQL (0.072891)[0m   [0mCREATE TABLE `schema_migrations` (`version` varchar(255) NOT NULL) ENGINE=InnoDB[0m
  [4;36;1mSQL (0.107224)[0m   [0;1mCREATE UNIQUE INDEX `unique_schema_migrations` ON `schema_migrations` (`version`)[0m
  [4;35;1mSQL (0.000368)[0m   [0mSHOW TABLES[0m
  [4;36;1mSQL (0.000373)[0m   [0;1mSELECT version FROM schema_migrations[0m
Migrating to CreateUsers (20081021193235)
  [4;35;1mSQL (0.000373)[0m   [0mSHOW TABLES[0m
  [4;36;1mSQL (0.030254)[0m   [0;1mCREATE TABLE `users` (`id` int(11) DEFAULT NULL auto_increment PRIMARY KEY, `login` varchar(255), `email` varchar(255), `crypted_password` varchar(40), `salt` varchar(40), `created_at` datetime, `updated_at` datetime, `remember_token` varchar(255), `remember_token_expires_at` datetime, `activation_code` varchar(40), `activated_at` datetime) ENGINE=InnoDB[0m
  [4;35;1mSQL (0.015186)[0m   [0mINSERT INTO schema_migrations (version) VALUES ('20081021193235')[0m
  [4;36;1mSQL (0.015187)[0m   [0;1mSHOW TABLES[0m
  [4;35;1mSQL (0.000158)[0m   [0mSELECT version FROM schema_migrations[0m
  [4;36;1mSQL (0.000221)[0m   [0;1mSHOW TABLES[0m
  [4;35;1mSQL (0.001672)[0m   [0mSHOW FIELDS FROM `users`[0m
  [4;36;1mSQL (0.001695)[0m   [0;1mdescribe `users`[0m
  [4;35;1mSQL (0.000467)[0m   [0mSHOW KEYS FROM `users`[0m


Processing UsersController#new (for 127.0.0.1 at 2008-10-21 23:05:38) [GET]
  Session ID: BAh7BiIKZmxhc2hJQzonQWN0aW9uQ29udHJvbGxlcjo6Rmxhc2g6OkZsYXNo
SGFzaHsABjoKQHVzZWR7AA==--8786c5bc5d64dd71c604664858d78b6fa74cc49c
  Parameters: {"action"=>"new", "controller"=>"users"}
  [4;36;1mSQL (0.000213)[0m   [0;1mSET NAMES 'utf8'[0m
  [4;35;1mSQL (0.000070)[0m   [0mSET SQL_AUTO_IS_NULL=0[0m
Rendering users/new
Completed in 0.01963 (50 reqs/sec) | Rendering: 0.01751 (89%) | DB: 0.00028 (1%) | 200 OK [http://127.0.0.1/signup]


Processing UsersController#create (for 127.0.0.1 at 2008-10-21 23:05:52) [POST]
  Session ID: BAh7BzoMY3NyZl9pZCIlN2NmY2ZiNWE3ZTYyZTg3Y2M5MzY1MDE5NzcxMWEw
ZGEiCmZsYXNoSUM6J0FjdGlvbkNvbnRyb2xsZXI6OkZsYXNoOjpGbGFzaEhh
c2h7AAY6CkB1c2VkewA=--1111bda177626aa2fe62d3b30f914271255fc3ca
  Parameters: {"user"=>{"password_confirmation"=>"x25a5250", "login"=>"gmagholder", "password"=>"x25a5250", "email"=>"gmagholder@mac.com"}, "commit"=>"Sign up", "authenticity_token"=>"b106195c57e3220e5fe61878e0e956cb0c4f85ab", "action"=>"create", "controller"=>"users"}
Cookie set: auth_token=; path=/; expires=Thu, 01 Jan 1970 00:00:00 GMT
  [4;36;1mUser Columns (0.001629)[0m   [0;1mSHOW FIELDS FROM `users`[0m
  [4;35;1mSQL (0.000131)[0m   [0mBEGIN[0m
  [4;36;1mSQL (0.021891)[0m   [0;1mSELECT `login` FROM `users` WHERE (LOWER(`users`.login) = 'gmagholder') [0m
  [4;35;1mSQL (0.007534)[0m   [0mSELECT `email` FROM `users` WHERE (LOWER(`users`.email) = 'gmagholder@mac.com') [0m
  [4;36;1mUser Create (0.000197)[0m   [0;1mINSERT INTO `users` (`salt`, `updated_at`, `activated_at`, `crypted_password`, `remember_token_expires_at`, `activation_code`, `remember_token`, `login`, `email`, `created_at`) VALUES('db47bc3461ff3eb55cff92a05fddc2bab12fd030', '2008-10-21 21:05:52', NULL, '459972f2e80f240134c52d7f8cd0596251e91fae', NULL, '5b4d54fd63de59afb6b29c0ca6ce2eeffa06e284', NULL, 'gmagholder', 'gmagholder@mac.com', '2008-10-21 21:05:52')[0m
Sent mail to gmagholder@mac.com

Date: Tue, 21 Oct 2008 23:05:52 +0200
From: Admin
To: gmagholder@mac.com
Subject: [http://127.0.0.1:3000] Please activate your new account
Mime-Version: 1.0
Content-Type: text/plain; charset=utf-8

Your account has been created.

  Username: gmagholder
  Password: x25a5250

Visit this url to activate your account:

  http://http://127.0.0.1:3000/activate/5b4d54fd63de59afb6b29c0ca6ce2eeffa06e284
  [4;35;1mSQL (0.000423)[0m   [0mCOMMIT[0m
Redirected to http://127.0.0.1:3000/
Completed in 0.22894 (4 reqs/sec) | DB: 0.03181 (13%) | 302 Found [http://127.0.0.1/users]


Processing UsersController#activate (for 127.0.0.1 at 2008-10-21 23:06:42) [GET]
  Session ID: BAh7CToOcmV0dXJuX3RvMDoMY3NyZl9pZCIlN2NmY2ZiNWE3ZTYyZTg3Y2M5
MzY1MDE5NzcxMWEwZGEiCmZsYXNoSUM6J0FjdGlvbkNvbnRyb2xsZXI6OkZs
YXNoOjpGbGFzaEhhc2h7BjoLbm90aWNlIhtUaGFua3MgZm9yIHNpZ25pbmcg
dXAhBjoKQHVzZWR7BjsIRjoMdXNlcl9pZGkG--69b6ed28b8471668eba448afd861cff44b791569
  Parameters: {"activation_code"=>"5b4d54fd63de59afb6b29c0ca6ce2eeffa06e284", "action"=>"activate", "controller"=>"users"}
  [4;36;1mUser Columns (0.001465)[0m   [0;1mSHOW FIELDS FROM `users`[0m
  [4;35;1mUser Load (0.000346)[0m   [0mSELECT * FROM `users` WHERE (`users`.`activation_code` = '5b4d54fd63de59afb6b29c0ca6ce2eeffa06e284') LIMIT 1[0m
  [4;36;1mSQL (0.000072)[0m   [0;1mBEGIN[0m
  [4;35;1mUser Update (0.034306)[0m   [0mUPDATE `users` SET `activated_at` = '2008-10-21 21:06:42', `activation_code` = NULL, `updated_at` = '2008-10-21 21:06:42' WHERE `id` = 1[0m
Sent mail to gmagholder@mac.com

Date: Tue, 21 Oct 2008 23:06:42 +0200
From: Admin
To: gmagholder@mac.com
Subject: [http://127.0.0.1:3000] Your account has been activated!
Mime-Version: 1.0
Content-Type: text/plain; charset=utf-8

gmagholder, your account has been activated.  You may now start adding your plugins:

  http://http://127.0.0.1:3000/
  [4;36;1mSQL (0.015530)[0m   [0;1mCOMMIT[0m
Redirected to http://127.0.0.1:3000/
Completed in 0.16789 (5 reqs/sec) | DB: 0.05172 (30%) | 302 Found [http://127.0.0.1/activate/5b4d54fd63de59afb6b29c0ca6ce2eeffa06e284]
  [4;36;1mSQL (0.000249)[0m   [0;1mSET NAMES 'utf8'[0m
  [4;35;1mSQL (0.000129)[0m   [0mSET SQL_AUTO_IS_NULL=0[0m
  [4;36;1mSQL (0.000496)[0m   [0;1mSHOW TABLES[0m
  [4;35;1mSQL (0.000261)[0m   [0mSELECT version FROM schema_migrations[0m
  [4;36;1mSQL (0.000276)[0m   [0;1mSHOW TABLES[0m
  [4;35;1mSQL (0.000165)[0m   [0mSELECT version FROM schema_migrations[0m
Migrating to CreateUsers (20081021193235)
  [4;36;1mSQL (0.074264)[0m   [0;1mDROP TABLE `users`[0m
  [4;35;1mSQL (0.036848)[0m   [0mDELETE FROM schema_migrations WHERE version = '20081021193235'[0m
  [4;36;1mSQL (0.000349)[0m   [0;1mSHOW TABLES[0m
  [4;35;1mSQL (0.000124)[0m   [0mSELECT version FROM schema_migrations[0m
  [4;36;1mSQL (0.000202)[0m   [0;1mSHOW TABLES[0m
  [4;35;1mSQL (0.000226)[0m   [0mSHOW TABLES[0m
  [4;36;1mSQL (0.000184)[0m   [0;1mSELECT version FROM schema_migrations[0m
Migrating to CreateUsers (20081021193235)
  [4;35;1mSQL (0.000273)[0m   [0mSHOW TABLES[0m
  [4;36;1mSQL (0.001779)[0m   [0;1mCREATE TABLE `users` (`id` int(11) DEFAULT NULL auto_increment PRIMARY KEY, `login` varchar(255), `email` varchar(255), `crypted_password` varchar(40), `salt` varchar(40), `created_at` datetime, `updated_at` datetime, `remember_token` varchar(255), `remember_token_expires_at` datetime, `activation_code` varchar(40), `activated_at` datetime) ENGINE=InnoDB[0m
  [4;35;1mSQL (0.000622)[0m   [0mINSERT INTO schema_migrations (version) VALUES ('20081021193235')[0m
Migrating to CreateEntries (20081021211139)
  [4;36;1mSQL (0.030789)[0m   [0;1mCREATE TABLE `entries` (`id` int(11) DEFAULT NULL auto_increment PRIMARY KEY, `user_id` int(11), `edate` date, `starttime` time, `endtime` time, `follow` int(11), `notes` varchar(255), `created_at` datetime, `updated_at` datetime) ENGINE=InnoDB[0m
  [4;35;1mSQL (0.000548)[0m   [0mINSERT INTO schema_migrations (version) VALUES ('20081021211139')[0m
